<?xml version="1.0" encoding="UTF-8"?>
<testsuite xmlns:xsi="http://www.w3.org/2001/XMLSchema-instance" xsi:noNamespaceSchemaLocation="https://maven.apache.org/surefire/maven-surefire-plugin/xsd/surefire-test-report.xsd" name="SchubsLTest" time="0.496" tests="8" errors="0" skipped="0" failures="0">
  <properties>
    <property name="java.specification.version" value="21"/>
    <property name="sun.jnu.encoding" value="UTF-8"/>
    <property name="java.class.path" value="/Users/griffinbarnard/Desktop/SE2/ProjectFile/gjb20b/target/test-classes:/Users/griffinbarnard/Desktop/SE2/ProjectFile/gjb20b/target/classes:/Users/griffinbarnard/.m2/repository/junit/junit/4.11/junit-4.11.jar:/Users/griffinbarnard/.m2/repository/org/hamcrest/hamcrest-core/1.3/hamcrest-core-1.3.jar:"/>
    <property name="java.vm.vendor" value="Eclipse Adoptium"/>
    <property name="sun.arch.data.model" value="64"/>
    <property name="java.vendor.url" value="https://adoptium.net/"/>
    <property name="os.name" value="Mac OS X"/>
    <property name="java.vm.specification.version" value="21"/>
    <property name="sun.java.launcher" value="SUN_STANDARD"/>
    <property name="user.country" value="US"/>
    <property name="sun.boot.library.path" value="/Library/Java/JavaVirtualMachines/temurin-21.jdk/Contents/Home/lib"/>
    <property name="sun.java.command" value="/Users/griffinbarnard/Desktop/SE2/ProjectFile/gjb20b/target/surefire/surefirebooter1169825580203341161.jar /Users/griffinbarnard/Desktop/SE2/ProjectFile/gjb20b/target/surefire 2024-05-05T16-50-59_175-jvmRun1 surefire11413722476777732843tmp surefire_05474237488798945462tmp"/>
    <property name="http.nonProxyHosts" value="local|*.local|169.254/16|*.169.254/16"/>
    <property name="jdk.debug" value="release"/>
    <property name="surefire.test.class.path" value="/Users/griffinbarnard/Desktop/SE2/ProjectFile/gjb20b/target/test-classes:/Users/griffinbarnard/Desktop/SE2/ProjectFile/gjb20b/target/classes:/Users/griffinbarnard/.m2/repository/junit/junit/4.11/junit-4.11.jar:/Users/griffinbarnard/.m2/repository/org/hamcrest/hamcrest-core/1.3/hamcrest-core-1.3.jar:"/>
    <property name="sun.cpu.endian" value="little"/>
    <property name="user.home" value="/Users/griffinbarnard"/>
    <property name="user.language" value="en"/>
    <property name="java.specification.vendor" value="Oracle Corporation"/>
    <property name="java.version.date" value="2023-10-17"/>
    <property name="java.home" value="/Library/Java/JavaVirtualMachines/temurin-21.jdk/Contents/Home"/>
    <property name="file.separator" value="/"/>
    <property name="basedir" value="/Users/griffinbarnard/Desktop/SE2/ProjectFile/gjb20b"/>
    <property name="java.vm.compressedOopsMode" value="Zero based"/>
    <property name="line.separator" value="&#10;"/>
    <property name="java.vm.specification.vendor" value="Oracle Corporation"/>
    <property name="java.specification.name" value="Java Platform API Specification"/>
    <property name="apple.awt.application.name" value="ForkedBooter"/>
    <property name="surefire.real.class.path" value="/Users/griffinbarnard/Desktop/SE2/ProjectFile/gjb20b/target/surefire/surefirebooter1169825580203341161.jar"/>
    <property name="sun.management.compiler" value="HotSpot 64-Bit Tiered Compilers"/>
    <property name="ftp.nonProxyHosts" value="local|*.local|169.254/16|*.169.254/16"/>
    <property name="java.runtime.version" value="21.0.1+12-LTS"/>
    <property name="user.name" value="griffinbarnard"/>
    <property name="stdout.encoding" value="UTF-8"/>
    <property name="path.separator" value=":"/>
    <property name="os.version" value="14.1.1"/>
    <property name="java.runtime.name" value="OpenJDK Runtime Environment"/>
    <property name="file.encoding" value="UTF-8"/>
    <property name="java.vm.name" value="OpenJDK 64-Bit Server VM"/>
    <property name="java.vendor.version" value="Temurin-21.0.1+12"/>
    <property name="localRepository" value="/Users/griffinbarnard/.m2/repository"/>
    <property name="java.vendor.url.bug" value="https://github.com/adoptium/adoptium-support/issues"/>
    <property name="java.io.tmpdir" value="/var/folders/h6/xm_spvfd5mvgrgjnq160gqw40000gn/T/"/>
    <property name="java.version" value="21.0.1"/>
    <property name="user.dir" value="/Users/griffinbarnard/Desktop/SE2/ProjectFile/gjb20b"/>
    <property name="os.arch" value="aarch64"/>
    <property name="java.vm.specification.name" value="Java Virtual Machine Specification"/>
    <property name="native.encoding" value="UTF-8"/>
    <property name="java.library.path" value="/Users/griffinbarnard/Library/Java/Extensions:/Library/Java/Extensions:/Network/Library/Java/Extensions:/System/Library/Java/Extensions:/usr/lib/java:."/>
    <property name="java.vm.info" value="mixed mode"/>
    <property name="stderr.encoding" value="UTF-8"/>
    <property name="java.vendor" value="Eclipse Adoptium"/>
    <property name="java.vm.version" value="21.0.1+12-LTS"/>
    <property name="sun.io.unicode.encoding" value="UnicodeBig"/>
    <property name="socksNonProxyHosts" value="local|*.local|169.254/16|*.169.254/16"/>
    <property name="java.class.version" value="65.0"/>
  </properties>
  <testcase name="lowerCaseWord" classname="SchubsLTest" time="0.001"/>
  <testcase name="emptyFile" classname="SchubsLTest" time="0"/>
  <testcase name="normalCase" classname="SchubsLTest" time="0.001"/>
  <testcase name="upperCaseWord" classname="SchubsLTest" time="0.009"/>
  <testcase name="containsManyThings" classname="SchubsLTest" time="0.473"/>
  <testcase name="wrongNumberOfArgs" classname="SchubsLTest" time="0"/>
  <testcase name="longWordNoSpaces" classname="SchubsLTest" time="0.012"/>
  <testcase name="missingFile" classname="SchubsLTest" time="0"/>
</testsuite>